warn The configuration property `package.json#prisma` is deprecated and will be removed in Prisma 7. Please migrate to a Prisma config file (e.g., `prisma.config.ts`).
For more information, see: https://pris.ly/prisma-config

Environment variables loaded from .env
Running seed command `node --loader ts-node/esm prisma/seed.ts` ...
(node:35489) ExperimentalWarning: `--experimental-loader` may be removed in the future; instead use `register()`:
--import 'data:text/javascript,import { register } from "node:module"; import { pathToFileURL } from "node:url"; register("ts-node/esm", pathToFileURL("./"));'
(Use `node --trace-warnings ...` to show where the warning was created)
Starting seeding...
(node:35489) [DEP0180] DeprecationWarning: fs.Stats constructor is deprecated.
(Use `node --trace-deprecation ...` to show where the warning was created)
Created organization: Acme Corp
Created organization: Globex Corporation
Created organization: Soylent Corp
Created organization: Initech
Created organization: Umbrella Corp
Created organization: Massive Dynamic
Created organization: Hooli
Created organization: Pied Piper
Created organization: Stark Industries
Created organization: Wayne Enterprises
Seeding completed!

🌱  The seed command has been executed.
